# JRE version: Java(TM) SE Runtime Environment (8.0_25-b18) (build 1.8.0_25-b18)
# Java VM: Java HotSpot(TM) 64-Bit Server VM (25.25-b02 mixed mode windows-amd64 compressed oops)
Heap:
 PSYoungGen      total 207872K, used 201150K [0x00000000eab00000, 0x00000000f8d00000, 0x0000000100000000)
  eden space 193536K, 100% used [0x00000000eab00000,0x00000000f6800000,0x00000000f6800000)
  from space 14336K, 53% used [0x00000000f7900000,0x00000000f806f8a8,0x00000000f8700000)
  to   space 17408K, 0% used [0x00000000f6800000,0x00000000f6800000,0x00000000f7900000)
 ParOldGen       total 65536K, used 65334K [0x00000000c0000000, 0x00000000c4000000, 0x00000000eab00000)
  object space 65536K, 99% used [0x00000000c0000000,0x00000000c3fcd800,0x00000000c4000000)
 Metaspace       used 5873K, capacity 7152K, committed 7296K, reserved 1056768K
  class space    used 564K, capacity 616K, committed 640K, reserved 1048576K
GC Heap History (10 events):
Event: 2.372 GC heap after
Heap after GC invocations=5 (full 0):
 PSYoungGen      total 102400K, used 4071K [0x00000000eab00000, 0x00000000f8700000, 0x0000000100000000)
  eden space 98304K, 0% used [0x00000000eab00000,0x00000000eab00000,0x00000000f0b00000)
  from space 4096K, 99% used [0x00000000f0b00000,0x00000000f0ef9ec8,0x00000000f0f00000)
  to   space 14336K, 0% used [0x00000000f7900000,0x00000000f7900000,0x00000000f8700000)
 ParOldGen       total 65536K, used 23167K [0x00000000c0000000, 0x00000000c4000000, 0x00000000eab00000)
  object space 65536K, 35% used [0x00000000c0000000,0x00000000c169fea8,0x00000000c4000000)
 Metaspace       used 5789K, capacity 7088K, committed 7296K, reserved 1056768K
  class space    used 563K, capacity 616K, committed 640K, reserved 1048576K
}
Event: 2.817 GC heap before
{Heap before GC invocations=6 (full 0):
 PSYoungGen      total 102400K, used 102375K [0x00000000eab00000, 0x00000000f8700000, 0x0000000100000000)
  eden space 98304K, 100% used [0x00000000eab00000,0x00000000f0b00000,0x00000000f0b00000)
  from space 4096K, 99% used [0x00000000f0b00000,0x00000000f0ef9ec8,0x00000000f0f00000)
  to   space 14336K, 0% used [0x00000000f7900000,0x00000000f7900000,0x00000000f8700000)
 ParOldGen       total 65536K, used 23167K [0x00000000c0000000, 0x00000000c4000000, 0x00000000eab00000)
  object space 65536K, 35% used [0x00000000c0000000,0x00000000c169fea8,0x00000000c4000000)
 Metaspace       used 5801K, capacity 7088K, committed 7296K, reserved 1056768K
  class space    used 563K, capacity 616K, committed 640K, reserved 1048576K
Event: 2.834 GC heap after
Heap after GC invocations=6 (full 0):
 PSYoungGen      total 207872K, used 14309K [0x00000000eab00000, 0x00000000f8d00000, 0x0000000100000000)
  eden space 193536K, 0% used [0x00000000eab00000,0x00000000eab00000,0x00000000f6800000)
  from space 14336K, 99% used [0x00000000f7900000,0x00000000f86f97c8,0x00000000f8700000)
  to   space 17408K, 0% used [0x00000000f6800000,0x00000000f6800000,0x00000000f7900000)
 ParOldGen       total 65536K, used 24069K [0x00000000c0000000, 0x00000000c4000000, 0x00000000eab00000)
  object space 65536K, 36% used [0x00000000c0000000,0x00000000c1781488,0x00000000c4000000)
 Metaspace       used 5801K, capacity 7088K, committed 7296K, reserved 1056768K
  class space    used 563K, capacity 616K, committed 640K, reserved 1048576K
}
Event: 3.646 GC heap before
{Heap before GC invocations=7 (full 0):
 PSYoungGen      total 207872K, used 207845K [0x00000000eab00000, 0x00000000f8d00000, 0x0000000100000000)
  eden space 193536K, 100% used [0x00000000eab00000,0x00000000f6800000,0x00000000f6800000)
  from space 14336K, 99% used [0x00000000f7900000,0x00000000f86f97c8,0x00000000f8700000)
  to   space 17408K, 0% used [0x00000000f6800000,0x00000000f6800000,0x00000000f7900000)
 ParOldGen       total 65536K, used 24069K [0x00000000c0000000, 0x00000000c4000000, 0x00000000eab00000)
  object space 65536K, 36% used [0x00000000c0000000,0x00000000c1781488,0x00000000c4000000)
 Metaspace       used 5847K, capacity 7152K, committed 7296K, reserved 1056768K
  class space    used 564K, capacity 616K, committed 640K, reserved 1048576K
Event: 3.681 GC heap after
Heap after GC invocations=7 (full 0):
 PSYoungGen      total 210944K, used 17407K [0x00000000eab00000, 0x00000000f8d00000, 0x0000000100000000)
  eden space 193536K, 0% used [0x00000000eab00000,0x00000000eab00000,0x00000000f6800000)
  from space 17408K, 99% used [0x00000000f6800000,0x00000000f78fff80,0x00000000f7900000)
  to   space 14336K, 0% used [0x00000000f7900000,0x00000000f7900000,0x00000000f8700000)
 ParOldGen       total 65536K, used 40836K [0x00000000c0000000, 0x00000000c4000000, 0x00000000eab00000)
  object space 65536K, 62% used [0x00000000c0000000,0x00000000c27e1150,0x00000000c4000000)
 Metaspace       used 5847K, capacity 7152K, committed 7296K, reserved 1056768K
  class space    used 564K, capacity 616K, committed 640K, reserved 1048576K
}
Event: 4.357 GC heap before
{Heap before GC invocations=8 (full 0):
 PSYoungGen      total 210944K, used 210943K [0x00000000eab00000, 0x00000000f8d00000, 0x0000000100000000)
  eden space 193536K, 100% used [0x00000000eab00000,0x00000000f6800000,0x00000000f6800000)
  from space 17408K, 99% used [0x00000000f6800000,0x00000000f78fff80,0x00000000f7900000)
  to   space 14336K, 0% used [0x00000000f7900000,0x00000000f7900000,0x00000000f8700000)
 ParOldGen       total 65536K, used 40836K [0x00000000c0000000, 0x00000000c4000000, 0x00000000eab00000)
  object space 65536K, 62% used [0x00000000c0000000,0x00000000c27e1150,0x00000000c4000000)
 Metaspace       used 5855K, capacity 7152K, committed 7296K, reserved 1056768K
  class space    used 564K, capacity 616K, committed 640K, reserved 1048576K
Event: 4.390 GC heap after
Heap after GC invocations=8 (full 0):
 PSYoungGen      total 207872K, used 14321K [0x00000000eab00000, 0x00000000f8d00000, 0x0000000100000000)
  eden space 193536K, 0% used [0x00000000eab00000,0x00000000eab00000,0x00000000f6800000)
  from space 14336K, 99% used [0x00000000f7900000,0x00000000f86fc5e0,0x00000000f8700000)
  to   space 17408K, 0% used [0x00000000f6800000,0x00000000f6800000,0x00000000f7900000)
 ParOldGen       total 65536K, used 63117K [0x00000000c0000000, 0x00000000c4000000, 0x00000000eab00000)
  object space 65536K, 96% used [0x00000000c0000000,0x00000000c3da3408,0x00000000c4000000)
 Metaspace       used 5855K, capacity 7152K, committed 7296K, reserved 1056768K
  class space    used 564K, capacity 616K, committed 640K, reserved 1048576K
}
Event: 4.390 GC heap before
{Heap before GC invocations=9 (full 1):
 PSYoungGen      total 207872K, used 14321K [0x00000000eab00000, 0x00000000f8d00000, 0x0000000100000000)
  eden space 193536K, 0% used [0x00000000eab00000,0x00000000eab00000,0x00000000f6800000)
  from space 14336K, 99% used [0x00000000f7900000,0x00000000f86fc5e0,0x00000000f8700000)
  to   space 17408K, 0% used [0x00000000f6800000,0x00000000f6800000,0x00000000f7900000)
 ParOldGen       total 65536K, used 63117K [0x00000000c0000000, 0x00000000c4000000, 0x00000000eab00000)
  object space 65536K, 96% used [0x00000000c0000000,0x00000000c3da3408,0x00000000c4000000)
 Metaspace       used 5855K, capacity 7152K, committed 7296K, reserved 1056768K
  class space    used 564K, capacity 616K, committed 640K, reserved 1048576K
Event: 4.706 GC heap after
Heap after GC invocations=9 (full 1):
 PSYoungGen      total 207872K, used 7614K [0x00000000eab00000, 0x00000000f8d00000, 0x0000000100000000)
  eden space 193536K, 0% used [0x00000000eab00000,0x00000000eab00000,0x00000000f6800000)
  from space 14336K, 53% used [0x00000000f7900000,0x00000000f806f8a8,0x00000000f8700000)
  to   space 17408K, 0% used [0x00000000f6800000,0x00000000f6800000,0x00000000f7900000)
 ParOldGen       total 65536K, used 65334K [0x00000000c0000000, 0x00000000c4000000, 0x00000000eab00000)
  object space 65536K, 99% used [0x00000000c0000000,0x00000000c3fcd800,0x00000000c4000000)
 Metaspace       used 5855K, capacity 7152K, committed 7296K, reserved 1056768K
  class space    used 564K, capacity 616K, committed 640K, reserved 1048576K
}
Event: 5.480 GC heap before
{Heap before GC invocations=10 (full 2):
 PSYoungGen      total 207872K, used 201150K [0x00000000eab00000, 0x00000000f8d00000, 0x0000000100000000)
  eden space 193536K, 100% used [0x00000000eab00000,0x00000000f6800000,0x00000000f6800000)
  from space 14336K, 53% used [0x00000000f7900000,0x00000000f806f8a8,0x00000000f8700000)
  to   space 17408K, 0% used [0x00000000f6800000,0x00000000f6800000,0x00000000f7900000)
 ParOldGen       total 65536K, used 65334K [0x00000000c0000000, 0x00000000c4000000, 0x00000000eab00000)
  object space 65536K, 99% used [0x00000000c0000000,0x00000000c3fcd800,0x00000000c4000000)
 Metaspace       used 5873K, capacity 7152K, committed 7296K, reserved 1056768K
  class space    used 564K, capacity 616K, committed 640K, reserved 1048576K

